2023-09-15 23:23:27,669 [INFO] Activator:177 - 


2023-09-15 23:23:27,670 [INFO] Activator:178 - !SESSION log4j initialized
2023-09-15 23:23:34,956 [INFO] McuFinderGlobals:39 - Set McuFinder mode to 2 (CubeIDE integrated)
2023-09-15 23:23:35,136 [INFO] ApplicationProperties:181 - Using Application install path: C:\ST\STM32CubeIDE_1.7.0\STM32CubeIDE\plugins\com.st.stm32cube.common.mx_6.3.0.202107141111
2023-09-15 23:23:35,144 [INFO] DbMcusXml:74 - Set database path to: C:\ST\STM32CubeIDE_1.7.0\STM32CubeIDE\plugins\com.st.stm32cube.common.mx_6.3.0.202107141111\\db\/mcu/
2023-09-15 23:23:35,147 [INFO] DbBoardsPdsc:56 - Set plugin database path to: C:\ST\STM32CubeIDE_1.7.0\STM32CubeIDE\plugins\com.st.stm32cube.common.mx_6.3.0.202107141111\\db\/plugins/boardmanager/
2023-09-15 23:23:35,148 [INFO] DbMcus:258 - Set plugin images path to: C:\ST\STM32CubeIDE_1.7.0\STM32CubeIDE\plugins\com.st.stm32cube.common.mx_6.3.0.202107141111\\db\/plugins/mcufinder/images/
2023-09-15 23:23:35,148 [INFO] DbBoards:264 - Set plugin images path to: C:\ST\STM32CubeIDE_1.7.0\STM32CubeIDE\plugins\com.st.stm32cube.common.mx_6.3.0.202107141111\\db\/plugins/mcufinder/images/
2023-09-15 23:23:35,150 [INFO] DbExamples:333 - Set plugin images path to: C:\ST\STM32CubeIDE_1.7.0\STM32CubeIDE\plugins\com.st.stm32cube.common.mx_6.3.0.202107141111\\db\/plugins/mcufinder/images/
2023-09-15 23:23:35,155 [INFO] DbMcusAds:119 - Set database path to: C:\Users\Admin\.stmcufinder\plugins\mcufinder//mcu/
2023-09-15 23:23:35,156 [INFO] DbMcusDocs:110 - Set database path to: C:\Users\Admin\.stmcufinder\plugins\mcufinder//mcu/
2023-09-15 23:23:35,157 [INFO] DbMcusJson:64 - Set database path to: C:\Users\Admin\.stmcufinder\plugins\mcufinder//mcu/
2023-09-15 23:23:35,158 [INFO] DbBoardsDocs:110 - Set database path to: C:\Users\Admin\.stmcufinder\plugins\mcufinder//mcu/
2023-09-15 23:23:35,158 [INFO] DbBoardsJson:57 - Set database path to: C:\Users\Admin\.stmcufinder\plugins\mcufinder//mcu/
2023-09-15 23:23:35,160 [INFO] CrossReferenceDbSqlite:196 - Set database path to: C:\Users\Admin\.stmcufinder\plugins\mcufinder//mcu/cs/
2023-09-15 23:23:35,163 [INFO] DbExamplesSqlite:767 - Set database path to: C:\Users\Admin\.stmcufinder\plugins\mcufinder//mcu/
2023-09-15 23:23:35,235 [INFO] RulesReader:57 - Compatibility file has been processed (242 Rules)
2023-09-15 23:23:35,297 [INFO] DbMcusXml:74 - Set database path to: C:\ST\STM32CubeIDE_1.7.0\STM32CubeIDE\plugins\com.st.stm32cube.common.mx_6.3.0.202107141111\\db\/mcu/
2023-09-15 23:23:35,297 [INFO] DbBoardsPdsc:56 - Set plugin database path to: C:\ST\STM32CubeIDE_1.7.0\STM32CubeIDE\plugins\com.st.stm32cube.common.mx_6.3.0.202107141111\\db\/plugins/boardmanager/
2023-09-15 23:23:35,298 [INFO] DbMcus:258 - Set plugin images path to: C:\ST\STM32CubeIDE_1.7.0\STM32CubeIDE\plugins\com.st.stm32cube.common.mx_6.3.0.202107141111\\db\/plugins/mcufinder/images/
2023-09-15 23:23:35,298 [INFO] DbBoards:264 - Set plugin images path to: C:\ST\STM32CubeIDE_1.7.0\STM32CubeIDE\plugins\com.st.stm32cube.common.mx_6.3.0.202107141111\\db\/plugins/mcufinder/images/
2023-09-15 23:23:35,298 [INFO] DbExamples:333 - Set plugin images path to: C:\ST\STM32CubeIDE_1.7.0\STM32CubeIDE\plugins\com.st.stm32cube.common.mx_6.3.0.202107141111\\db\/plugins/mcufinder/images/
2023-09-15 23:23:35,298 [WARN] DbFile:35 - Overriding database path with different value: C:\Users\Admin\.stmcufinder\plugins\mcufinder/ => C:\Users\Admin\.stmcufinder\plugins\mcufinder
2023-09-15 23:23:35,298 [INFO] DbMcusAds:119 - Set database path to: C:\Users\Admin\.stmcufinder\plugins\mcufinder//mcu/
2023-09-15 23:23:35,298 [WARN] DbFile:35 - Overriding database path with different value: C:\Users\Admin\.stmcufinder\plugins\mcufinder/ => C:\Users\Admin\.stmcufinder\plugins\mcufinder
2023-09-15 23:23:35,298 [INFO] DbMcusDocs:110 - Set database path to: C:\Users\Admin\.stmcufinder\plugins\mcufinder//mcu/
2023-09-15 23:23:35,298 [WARN] DbFile:35 - Overriding database path with different value: C:\Users\Admin\.stmcufinder\plugins\mcufinder/ => C:\Users\Admin\.stmcufinder\plugins\mcufinder
2023-09-15 23:23:35,299 [INFO] DbMcusJson:64 - Set database path to: C:\Users\Admin\.stmcufinder\plugins\mcufinder//mcu/
2023-09-15 23:23:35,299 [WARN] DbFile:35 - Overriding database path with different value: C:\Users\Admin\.stmcufinder\plugins\mcufinder/ => C:\Users\Admin\.stmcufinder\plugins\mcufinder
2023-09-15 23:23:35,299 [INFO] DbBoardsDocs:110 - Set database path to: C:\Users\Admin\.stmcufinder\plugins\mcufinder//mcu/
2023-09-15 23:23:35,299 [WARN] DbFile:35 - Overriding database path with different value: C:\Users\Admin\.stmcufinder\plugins\mcufinder/ => C:\Users\Admin\.stmcufinder\plugins\mcufinder
2023-09-15 23:23:35,299 [INFO] DbBoardsJson:57 - Set database path to: C:\Users\Admin\.stmcufinder\plugins\mcufinder//mcu/
2023-09-15 23:23:35,299 [WARN] DbFile:35 - Overriding database path with different value: C:\Users\Admin\.stmcufinder\plugins\mcufinder/ => C:\Users\Admin\.stmcufinder\plugins\mcufinder
2023-09-15 23:23:35,299 [WARN] DbFile:35 - Overriding database path with different value: C:\Users\Admin\.stmcufinder\plugins\mcufinder/ => C:\Users\Admin\.stmcufinder\plugins\mcufinder
2023-09-15 23:23:35,299 [INFO] CrossReferenceDbSqlite:196 - Set database path to: C:\Users\Admin\.stmcufinder\plugins\mcufinder//mcu/cs/
2023-09-15 23:23:35,299 [WARN] DbFile:35 - Overriding database path with different value: C:\Users\Admin\.stmcufinder\plugins\mcufinder/ => C:\Users\Admin\.stmcufinder\plugins\mcufinder
2023-09-15 23:23:35,300 [INFO] DbExamplesSqlite:767 - Set database path to: C:\Users\Admin\.stmcufinder\plugins\mcufinder//mcu/
2023-09-15 23:23:35,345 [INFO] MainPanel:214 - HeapMemory: 268435456
2023-09-15 23:23:35,399 [INFO] DbMcusXml:74 - Set database path to: C:\ST\STM32CubeIDE_1.7.0\STM32CubeIDE\plugins\com.st.stm32cube.common.mx_6.3.0.202107141111\\db\/mcu/
2023-09-15 23:23:35,399 [INFO] DbBoardsPdsc:56 - Set plugin database path to: C:\ST\STM32CubeIDE_1.7.0\STM32CubeIDE\plugins\com.st.stm32cube.common.mx_6.3.0.202107141111\\db\/plugins/boardmanager/
2023-09-15 23:23:35,399 [INFO] DbMcus:258 - Set plugin images path to: C:\ST\STM32CubeIDE_1.7.0\STM32CubeIDE\plugins\com.st.stm32cube.common.mx_6.3.0.202107141111\\db\/plugins/mcufinder/images/
2023-09-15 23:23:35,399 [INFO] DbBoards:264 - Set plugin images path to: C:\ST\STM32CubeIDE_1.7.0\STM32CubeIDE\plugins\com.st.stm32cube.common.mx_6.3.0.202107141111\\db\/plugins/mcufinder/images/
2023-09-15 23:23:35,400 [INFO] DbExamples:333 - Set plugin images path to: C:\ST\STM32CubeIDE_1.7.0\STM32CubeIDE\plugins\com.st.stm32cube.common.mx_6.3.0.202107141111\\db\/plugins/mcufinder/images/
2023-09-15 23:23:35,400 [WARN] DbFile:35 - Overriding database path with different value: C:\Users\Admin\.stmcufinder\plugins\mcufinder/ => C:\Users\Admin\.stmcufinder\plugins\mcufinder
2023-09-15 23:23:35,400 [INFO] DbMcusAds:119 - Set database path to: C:\Users\Admin\.stmcufinder\plugins\mcufinder//mcu/
2023-09-15 23:23:35,400 [WARN] DbFile:35 - Overriding database path with different value: C:\Users\Admin\.stmcufinder\plugins\mcufinder/ => C:\Users\Admin\.stmcufinder\plugins\mcufinder
2023-09-15 23:23:35,400 [INFO] DbMcusDocs:110 - Set database path to: C:\Users\Admin\.stmcufinder\plugins\mcufinder//mcu/
2023-09-15 23:23:35,400 [WARN] DbFile:35 - Overriding database path with different value: C:\Users\Admin\.stmcufinder\plugins\mcufinder/ => C:\Users\Admin\.stmcufinder\plugins\mcufinder
2023-09-15 23:23:35,400 [INFO] DbMcusJson:64 - Set database path to: C:\Users\Admin\.stmcufinder\plugins\mcufinder//mcu/
2023-09-15 23:23:35,400 [WARN] DbFile:35 - Overriding database path with different value: C:\Users\Admin\.stmcufinder\plugins\mcufinder/ => C:\Users\Admin\.stmcufinder\plugins\mcufinder
2023-09-15 23:23:35,401 [INFO] DbBoardsDocs:110 - Set database path to: C:\Users\Admin\.stmcufinder\plugins\mcufinder//mcu/
2023-09-15 23:23:35,401 [WARN] DbFile:35 - Overriding database path with different value: C:\Users\Admin\.stmcufinder\plugins\mcufinder/ => C:\Users\Admin\.stmcufinder\plugins\mcufinder
2023-09-15 23:23:35,401 [INFO] DbBoardsJson:57 - Set database path to: C:\Users\Admin\.stmcufinder\plugins\mcufinder//mcu/
2023-09-15 23:23:35,401 [WARN] DbFile:35 - Overriding database path with different value: C:\Users\Admin\.stmcufinder\plugins\mcufinder/ => C:\Users\Admin\.stmcufinder\plugins\mcufinder
2023-09-15 23:23:35,401 [WARN] DbFile:35 - Overriding database path with different value: C:\Users\Admin\.stmcufinder\plugins\mcufinder/ => C:\Users\Admin\.stmcufinder\plugins\mcufinder
2023-09-15 23:23:35,401 [INFO] CrossReferenceDbSqlite:196 - Set database path to: C:\Users\Admin\.stmcufinder\plugins\mcufinder//mcu/cs/
2023-09-15 23:23:35,401 [WARN] DbFile:35 - Overriding database path with different value: C:\Users\Admin\.stmcufinder\plugins\mcufinder/ => C:\Users\Admin\.stmcufinder\plugins\mcufinder
2023-09-15 23:23:35,401 [INFO] DbExamplesSqlite:767 - Set database path to: C:\Users\Admin\.stmcufinder\plugins\mcufinder//mcu/
2023-09-15 23:23:35,415 [INFO] ApplicationProperties:181 - Using Application install path: C:\ST\STM32CubeIDE_1.7.0\STM32CubeIDE\plugins\com.st.stm32cube.common.mx_6.3.0.202107141111
2023-09-15 23:23:35,416 [INFO] PluginManage:188 - Search for loadable plugins [exclusion list=, ]
2023-09-15 23:23:35,416 [INFO] PluginManage:302 - Check plugin analytics
2023-09-15 23:23:35,529 [INFO] AnalyticsPlugin:257 - Accepted Software Licenses: 
2023-09-15 23:23:35,530 [INFO] AnalyticsPlugin:259 - Accepted CMSIS Pack Licenses: 
2023-09-15 23:23:35,530 [INFO] AnalyticsPlugin:261 - Accepted Firmware Licenses: 
2023-09-15 23:23:35,530 [INFO] PluginManage:352 - Loaded plugin analytics (category:tool,tabindex:-1)
2023-09-15 23:23:35,530 [INFO] PluginManage:302 - Check plugin clock
2023-09-15 23:23:35,539 [INFO] PluginManage:352 - Loaded plugin clock (category:base,tabindex:2)
2023-09-15 23:23:35,539 [INFO] PluginManage:302 - Check plugin ddr
2023-09-15 23:23:35,540 [INFO] PluginManage:352 - Loaded plugin ddr (category:tool,tabindex:6)
2023-09-15 23:23:35,540 [INFO] PluginManage:302 - Check plugin filemanager
2023-09-15 23:23:35,637 [INFO] PluginManage:352 - Loaded plugin filemanager (category:base,tabindex:10)
2023-09-15 23:23:35,638 [INFO] PluginManage:302 - Check plugin ipmanager
2023-09-15 23:23:35,643 [INFO] PluginManage:352 - Loaded plugin ipmanager (category:base,tabindex:5)
2023-09-15 23:23:35,643 [INFO] PluginManage:302 - Check plugin pinoutandconfiguration
2023-09-15 23:23:35,650 [INFO] PluginManage:352 - Loaded plugin pinoutandconfiguration (category:base,tabindex:1)
2023-09-15 23:23:35,650 [INFO] PluginManage:302 - Check plugin pinoutconfig
2023-09-15 23:23:35,671 [INFO] PluginManage:352 - Loaded plugin pinoutconfig (category:base,tabindex:0)
2023-09-15 23:23:35,671 [INFO] PluginManage:302 - Check plugin power
2023-09-15 23:23:35,679 [INFO] PluginManage:352 - Loaded plugin power (category:power,tabindex:4)
2023-09-15 23:23:35,679 [INFO] PluginManage:302 - Check plugin projectmanager
2023-09-15 23:23:35,693 [INFO] PluginManage:352 - Loaded plugin projectmanager (category:projectmanager,tabindex:3)
2023-09-15 23:23:35,693 [INFO] PluginManage:302 - Check plugin thirdparty
2023-09-15 23:23:35,797 [WARN] IntegrityCheckThread:78 - waiting for thirdparty lock release [integrity check]
2023-09-15 23:23:35,798 [INFO] IntegrityCheckThread:80 - entering critical section [integrity check]
2023-09-15 23:23:35,797 [INFO] PluginManage:352 - Loaded plugin thirdparty (category:base,tabindex:-1)
2023-09-15 23:23:35,798 [INFO] PluginManage:302 - Check plugin tools
2023-09-15 23:23:35,798 [INFO] ThirdPartyUpdaterWithRetryManager:66 - Updater plugin not ready yet. [1/15]
2023-09-15 23:23:35,800 [INFO] PluginManage:352 - Loaded plugin tools (category:base,tabindex:7)
2023-09-15 23:23:35,800 [INFO] PluginManage:302 - Check plugin tutovideos
2023-09-15 23:23:35,957 [INFO] PluginManage:352 - Loaded plugin tutovideos (category:base,tabindex:-1)
2023-09-15 23:23:35,958 [INFO] PluginManage:302 - Check plugin updater
2023-09-15 23:23:35,965 [INFO] PluginManage:352 - Loaded plugin updater (category:base,tabindex:12)
2023-09-15 23:23:35,966 [INFO] PluginManage:275 - PluginManage : Loaded plugins [13]
2023-09-15 23:23:36,086 [INFO] PinOutPanel:1463 - setPackage(No Configuration,No Configuration)
2023-09-15 23:23:36,153 [INFO] IPUIPlugin:74 - create IPUIPlugin
2023-09-15 23:23:36,153 [INFO] PluginManager:213 - loadIPPluginJar : add adc
2023-09-15 23:23:36,155 [INFO] IPUIPlugin:74 - create IPUIPlugin
2023-09-15 23:23:36,155 [INFO] PluginManager:213 - loadIPPluginJar : add aes
2023-09-15 23:23:36,157 [INFO] IPUIPlugin:74 - create IPUIPlugin
2023-09-15 23:23:36,158 [INFO] PluginManager:213 - loadIPPluginJar : add can
2023-09-15 23:23:36,159 [INFO] IPUIPlugin:74 - create IPUIPlugin
2023-09-15 23:23:36,159 [INFO] PluginManager:213 - loadIPPluginJar : add comp
2023-09-15 23:23:36,161 [INFO] IPUIPlugin:74 - create IPUIPlugin
2023-09-15 23:23:36,161 [INFO] PluginManager:213 - loadIPPluginJar : add cryp
2023-09-15 23:23:36,163 [INFO] IPUIPlugin:74 - create IPUIPlugin
2023-09-15 23:23:36,163 [INFO] PluginManager:213 - loadIPPluginJar : add dfsdm
2023-09-15 23:23:36,168 [INFO] IPUIPlugin:74 - create IPUIPlugin
2023-09-15 23:23:36,168 [INFO] PluginManager:213 - loadIPPluginJar : add dma
2023-09-15 23:23:36,170 [INFO] IPUIPlugin:74 - create IPUIPlugin
2023-09-15 23:23:36,170 [INFO] PluginManager:213 - loadIPPluginJar : add dma3
2023-09-15 23:23:36,171 [INFO] IPUIPlugin:74 - create IPUIPlugin
2023-09-15 23:23:36,171 [INFO] PluginManager:213 - loadIPPluginJar : add fatfs
2023-09-15 23:23:36,174 [INFO] IPUIPlugin:74 - create IPUIPlugin
2023-09-15 23:23:36,174 [INFO] PluginManager:213 - loadIPPluginJar : add fmc
2023-09-15 23:23:36,178 [INFO] IPUIPlugin:74 - create IPUIPlugin
2023-09-15 23:23:36,178 [INFO] PluginManager:213 - loadIPPluginJar : add freertos
2023-09-15 23:23:36,179 [INFO] IPUIPlugin:74 - create IPUIPlugin
2023-09-15 23:23:36,180 [INFO] PluginManager:213 - loadIPPluginJar : add genericplugin
2023-09-15 23:23:36,181 [INFO] IPUIPlugin:74 - create IPUIPlugin
2023-09-15 23:23:36,181 [INFO] PluginManager:213 - loadIPPluginJar : add gfxmmu
2023-09-15 23:23:36,185 [INFO] IPUIPlugin:74 - create IPUIPlugin
2023-09-15 23:23:36,185 [INFO] PluginManager:213 - loadIPPluginJar : add gic
2023-09-15 23:23:36,189 [INFO] IPUIPlugin:74 - create IPUIPlugin
2023-09-15 23:23:36,189 [INFO] PluginManager:213 - loadIPPluginJar : add gpio
2023-09-15 23:23:36,191 [INFO] IPUIPlugin:74 - create IPUIPlugin
2023-09-15 23:23:36,191 [INFO] PluginManager:213 - loadIPPluginJar : add gtzc
2023-09-15 23:23:36,193 [INFO] IPUIPlugin:74 - create IPUIPlugin
2023-09-15 23:23:36,193 [INFO] PluginManager:213 - loadIPPluginJar : add hash
2023-09-15 23:23:36,194 [INFO] IPUIPlugin:74 - create IPUIPlugin
2023-09-15 23:23:36,195 [INFO] PluginManager:213 - loadIPPluginJar : add i2c
2023-09-15 23:23:36,197 [INFO] IPUIPlugin:74 - create IPUIPlugin
2023-09-15 23:23:36,197 [INFO] PluginManager:213 - loadIPPluginJar : add i2s
2023-09-15 23:23:36,200 [INFO] IPUIPlugin:74 - create IPUIPlugin
2023-09-15 23:23:36,200 [INFO] PluginManager:213 - loadIPPluginJar : add ipddr
2023-09-15 23:23:36,206 [INFO] IPUIPlugin:74 - create IPUIPlugin
2023-09-15 23:23:36,206 [INFO] PluginManager:213 - loadIPPluginJar : add linkedlist
2023-09-15 23:23:36,208 [INFO] IPUIPlugin:74 - create IPUIPlugin
2023-09-15 23:23:36,208 [INFO] PluginManager:213 - loadIPPluginJar : add lorawan
2023-09-15 23:23:36,209 [INFO] IPUIPlugin:74 - create IPUIPlugin
2023-09-15 23:23:36,209 [INFO] PluginManager:213 - loadIPPluginJar : add ltdc
2023-09-15 23:23:36,212 [INFO] IPUIPlugin:74 - create IPUIPlugin
2023-09-15 23:23:36,213 [INFO] PluginManager:213 - loadIPPluginJar : add mdma
2023-09-15 23:23:36,215 [INFO] IPUIPlugin:74 - create IPUIPlugin
2023-09-15 23:23:36,215 [INFO] PluginManager:213 - loadIPPluginJar : add nvic
2023-09-15 23:23:36,218 [INFO] IPUIPlugin:74 - create IPUIPlugin
2023-09-15 23:23:36,218 [INFO] PluginManager:213 - loadIPPluginJar : add opamp
2023-09-15 23:23:36,220 [INFO] IPUIPlugin:74 - create IPUIPlugin
2023-09-15 23:23:36,220 [INFO] PluginManager:213 - loadIPPluginJar : add openamp
2023-09-15 23:23:36,222 [INFO] IPUIPlugin:74 - create IPUIPlugin
2023-09-15 23:23:36,222 [INFO] PluginManager:213 - loadIPPluginJar : add pdm2pcm
2023-09-15 23:23:36,227 [INFO] IPUIPlugin:74 - create IPUIPlugin
2023-09-15 23:23:36,230 [INFO] PluginManager:213 - loadIPPluginJar : add plateformsettings
2023-09-15 23:23:36,231 [INFO] IPUIPlugin:74 - create IPUIPlugin
2023-09-15 23:23:36,232 [INFO] PluginManager:213 - loadIPPluginJar : add quadspi
2023-09-15 23:23:36,245 [INFO] IPUIPlugin:74 - create IPUIPlugin
2023-09-15 23:23:36,246 [INFO] PluginManager:213 - loadIPPluginJar : add resmgrutility
2023-09-15 23:23:36,248 [INFO] IPUIPlugin:74 - create IPUIPlugin
2023-09-15 23:23:36,249 [INFO] PluginManager:213 - loadIPPluginJar : add sai
2023-09-15 23:23:36,251 [INFO] IPUIPlugin:74 - create IPUIPlugin
2023-09-15 23:23:36,251 [INFO] PluginManager:213 - loadIPPluginJar : add spi
2023-09-15 23:23:36,255 [INFO] IPUIPlugin:74 - create IPUIPlugin
2023-09-15 23:23:36,255 [INFO] PluginManager:213 - loadIPPluginJar : add stm32_wpan
2023-09-15 23:23:36,256 [INFO] IPUIPlugin:74 - create IPUIPlugin
2023-09-15 23:23:36,256 [INFO] PluginManager:213 - loadIPPluginJar : add tim
2023-09-15 23:23:36,259 [INFO] IPUIPlugin:74 - create IPUIPlugin
2023-09-15 23:23:36,259 [INFO] PluginManager:213 - loadIPPluginJar : add touchsensing
2023-09-15 23:23:36,261 [INFO] IPUIPlugin:74 - create IPUIPlugin
2023-09-15 23:23:36,261 [INFO] PluginManager:213 - loadIPPluginJar : add tracer_emb
2023-09-15 23:23:36,262 [INFO] IPUIPlugin:74 - create IPUIPlugin
2023-09-15 23:23:36,262 [INFO] PluginManager:213 - loadIPPluginJar : add ts
2023-09-15 23:23:36,264 [INFO] IPUIPlugin:74 - create IPUIPlugin
2023-09-15 23:23:36,264 [INFO] PluginManager:213 - loadIPPluginJar : add tsc
2023-09-15 23:23:36,266 [INFO] IPUIPlugin:74 - create IPUIPlugin
2023-09-15 23:23:36,266 [INFO] PluginManager:213 - loadIPPluginJar : add ucpd
2023-09-15 23:23:36,269 [INFO] IPUIPlugin:74 - create IPUIPlugin
2023-09-15 23:23:36,269 [INFO] PluginManager:213 - loadIPPluginJar : add usart
2023-09-15 23:23:36,272 [INFO] IPUIPlugin:74 - create IPUIPlugin
2023-09-15 23:23:36,272 [INFO] PluginManager:213 - loadIPPluginJar : add usbx
2023-09-15 23:23:36,518 [FATAL] Updater:294 - Updater called before beeing initialized
2023-09-15 23:23:36,602 [FATAL] Updater:294 - Updater called before beeing initialized
2023-09-15 23:23:36,606 [INFO] DbMcusAds:47 - JSON generation date=Tue Mar 07 15:50:55 ICT 2023 (1678179055335)
2023-09-15 23:23:36,606 [FATAL] Updater:294 - Updater called before beeing initialized
2023-09-15 23:23:36,635 [WARN] DetailPanel:314 - Failed to get advertising image, set to default
2023-09-15 23:23:36,712 [FATAL] Updater:294 - Updater called before beeing initialized
2023-09-15 23:23:36,714 [FATAL] Updater:294 - Updater called before beeing initialized
2023-09-15 23:23:36,714 [FATAL] Updater:294 - Updater called before beeing initialized
2023-09-15 23:23:36,714 [WARN] DetailPanel:314 - Failed to get advertising image, set to default
2023-09-15 23:23:36,715 [FATAL] Updater:294 - Updater called before beeing initialized
2023-09-15 23:23:36,754 [ERROR] Updater:1075 - MainUpdater not yet initialized. External WinMGr cannot be set.
2023-09-15 23:23:36,756 [INFO] Updater:1012 - Updater Version found : 6.3.0
2023-09-15 23:23:36,770 [INFO] ApplicationProperties:181 - Using Application install path: C:\ST\STM32CubeIDE_1.7.0\STM32CubeIDE\plugins\com.st.stm32cube.common.mx_6.3.0.202107141111
2023-09-15 23:23:36,941 [INFO] MainUpdater:2671 - connection check result : 10
2023-09-15 23:23:36,941 [INFO] MainUpdater:265 - Updater Check For Update Now.
2023-09-15 23:23:36,942 [INFO] MicroXplorer:478 - Change Database Version : DB.6.0.30
2023-09-15 23:23:37,084 [INFO] CheckServerUpdateThread:112 - End of CheckServer Thread
2023-09-15 23:23:37,161 [INFO] MainUpdater:2671 - connection check result : 10
2023-09-15 23:23:37,370 [INFO] McuFinderGlobals:52 - Set McuFinderConnectedMode to false
2023-09-15 23:23:37,441 [INFO] CrossSelectorPresenter:1330 - Cross Selector saved comparison directory: C:\Users\Admin\.stmcufinder\plugins\mcufinder\mcu\cs_comparisons_mx
2023-09-15 23:23:37,447 [INFO] MultiScanPanel:197 - Auto-refresh data requested => check proxy status ongoing
2023-09-15 23:23:37,447 [INFO] MultiScanPanel:201 - Proxy status is invalid
2023-09-15 23:23:37,450 [INFO] FinderPluginLoader:87 - Searching for filters in installed packs
2023-09-15 23:23:37,451 [INFO] DbMcusXml:100 - Load MCU database from C:\ST\STM32CubeIDE_1.7.0\STM32CubeIDE\plugins\com.st.stm32cube.common.mx_6.3.0.202107141111\\db\/mcu/families.xml
2023-09-15 23:23:38,130 [INFO] DbMcusJson:93 - JSON generation date=Tue Nov 16 23:17:54 ICT 2021 (1637079474)
2023-09-15 23:23:38,715 [INFO] DbMcus:175 - Found 1951 MCUs (1903 are supported by CubeMX, 1914 are visible in CubeMX)
2023-09-15 23:23:38,715 [INFO] ApiDb:251 - Load user favorites file C:\Users\Admin/.stm32cubeide/favorites.mcus.txt: 0 item(s)
2023-09-15 23:23:38,716 [INFO] ApiDb:255 - User favorites MCUs=[]
2023-09-15 23:23:38,716 [INFO] DbMcus:187 - Set 0 / 0 favorites MCUs
2023-09-15 23:23:38,916 [ERROR] Engine:463 - C:\Users\Admin\.stm32cubemx\thirdparties\pdsc\STMicroelectronics.X-CUBE-SMBUS.2.1.0.pdsc: PDSC version is not supported
2023-09-15 23:23:38,965 [WARN] PackLoader:238 - Cannot read IP mode file for STMicroelectronics.X-CUBE-AZRTOS-F7.1.1.0
2023-09-15 23:23:38,971 [ERROR] Engine:463 - C:\Users\Admin\.stm32cubemx\thirdparties\pdsc\STMicroelectronics.FP-SNS-MOTENV1.4.3.2.pdsc: PDSC version is not supported
2023-09-15 23:23:38,973 [ERROR] Engine:463 - C:\Users\Admin\.stm32cubemx\thirdparties\pdsc\STMicroelectronics.FP-SNS-FLIGHT1.5.0.2.pdsc: PDSC version is not supported
2023-09-15 23:23:38,975 [ERROR] Engine:463 - C:\Users\Admin\.stm32cubemx\thirdparties\pdsc\STMicroelectronics.X-CUBE-DISPLAY.3.0.0.pdsc: PDSC version is not supported
2023-09-15 23:23:38,982 [WARN] PackLoader:238 - Cannot read IP mode file for STMicroelectronics.X-CUBE-BLE1.7.0.0
2023-09-15 23:23:38,985 [ERROR] Engine:463 - C:\Users\Admin\.stm32cubemx\thirdparties\pdsc\emotas.I-CUBE-CANOPEN.1.3.0.pdsc: PDSC version is not supported
2023-09-15 23:23:38,988 [WARN] PackLoader:238 - Cannot read IP mode file for STMicroelectronics.X-CUBE-TOUCHGFX.4.22.0
2023-09-15 23:23:38,990 [ERROR] Engine:463 - C:\Users\Admin\.stm32cubemx\thirdparties\pdsc\STMicroelectronics.FP-SNS-SMARTAG2.1.2.0.pdsc: PDSC version is not supported
2023-09-15 23:23:38,998 [INFO] LogOutputStream:76 - [STDOUT_REDIRECT] 1 : Invalid condition id : UX_CORESTACK_Condition cause : null
2023-09-15 23:23:38,999 [INFO] LogOutputStream:76 - [STDOUT_REDIRECT] 1 : Invalid condition id : UX_CORESTACK_Condition cause : null
2023-09-15 23:23:39,000 [INFO] LogOutputStream:76 - [STDOUT_REDIRECT] 1 : Invalid condition id : UX_CORESTACK_Condition cause : null
2023-09-15 23:23:39,001 [INFO] LogOutputStream:76 - [STDOUT_REDIRECT] 1 : Invalid condition id : UX_CORESTACK_Condition cause : null
2023-09-15 23:23:39,002 [INFO] LogOutputStream:76 - [STDOUT_REDIRECT] 1 : Invalid condition id : UX_CORESTACK_Condition cause : null
2023-09-15 23:23:39,005 [WARN] PackLoader:238 - Cannot read IP mode file for STMicroelectronics.X-CUBE-AZRTOS-WL.2.0.0
2023-09-15 23:23:39,022 [WARN] PackLoader:238 - Cannot read IP mode file for WES.I-CUBE-Cesium.1.3.0
2023-09-15 23:23:39,026 [WARN] PackLoader:238 - Cannot read IP mode file for STMicroelectronics.X-CUBE-BLE2.3.3.0
2023-09-15 23:23:39,033 [WARN] PackLoader:238 - Cannot read IP mode file for STMicroelectronics.X-CUBE-ALGOBUILD.1.3.0
2023-09-15 23:23:39,063 [WARN] PackLoader:238 - Cannot read IP mode file for STMicroelectronics.X-CUBE-AZRTOS-G0.1.1.0
2023-09-15 23:23:39,074 [WARN] PackLoader:238 - Cannot read IP mode file for STMicroelectronics.X-CUBE-NFC4.3.0.0
2023-09-15 23:23:39,085 [WARN] PackLoader:238 - Cannot read IP mode file for STMicroelectronics.FP-ATR-SIGFOX1.3.2.0
2023-09-15 23:23:39,117 [WARN] PackLoader:238 - Cannot read IP mode file for SEGGER.I-CUBE-embOS.1.3.1
2023-09-15 23:23:39,158 [WARN] PackLoader:238 - Cannot read IP mode file for STMicroelectronics.X-CUBE-GNSS1.6.0.0
2023-09-15 23:23:39,175 [WARN] PackLoader:238 - Cannot read IP mode file for STMicroelectronics.X-CUBE-AZRTOS-F4.1.1.0
2023-09-15 23:23:39,179 [INFO] DetailPanel:309 - Set advertising image to C:/Users/Admin/STM32Cube/Repository/\en.prom-stm32h5-mcu-finder.jpg
2023-09-15 23:23:39,182 [WARN] PackLoader:238 - Cannot read IP mode file for wolfSSL.I-CUBE-wolfSSL.5.6.3
2023-09-15 23:23:39,200 [WARN] PackLoader:238 - Cannot read IP mode file for STMicroelectronics.X-CUBE-AZRTOS-L5.2.0.0
2023-09-15 23:23:39,244 [WARN] PackLoader:238 - Cannot read IP mode file for STMicroelectronics.X-CUBE-MEMS1.9.6.0
2023-09-15 23:23:39,471 [WARN] PackLoader:238 - Cannot read IP mode file for STMicroelectronics.X-CUBE-BLEMGR.2.0.0
2023-09-15 23:23:39,493 [WARN] ConditionMgr:437 - getConditionDescription Invalid condition id : UX DEVICE CLASS RTOS Condition cause : null
2023-09-15 23:23:39,493 [WARN] ConditionMgr:437 - getConditionDescription Invalid condition id : UX DEVICE CLASS RTOS Condition cause : null
2023-09-15 23:23:39,497 [WARN] PackLoader:238 - Cannot read IP mode file for STMicroelectronics.X-CUBE-AZRTOS-H7.3.1.0
2023-09-15 23:23:39,498 [WARN] ConditionMgr:1038 - genDependencies : Invalid condition id : UX DEVICE CLASS RTOS Condition cause : null
2023-09-15 23:23:39,498 [WARN] ConditionMgr:1038 - genDependencies : Invalid condition id : UX DEVICE CLASS RTOS Condition cause : null
2023-09-15 23:23:39,499 [WARN] ConditionMgr:1038 - genDependencies : Invalid condition id : UX DEVICE CLASS RTOS Condition cause : null
2023-09-15 23:23:39,499 [WARN] ConditionMgr:1038 - genDependencies : Invalid condition id : UX DEVICE CLASS RTOS Condition cause : null
2023-09-15 23:23:39,499 [WARN] ConditionMgr:1038 - genDependencies : Invalid condition id : UX DEVICE CLASS RTOS Condition cause : null
2023-09-15 23:23:39,504 [WARN] PackLoader:238 - Cannot read IP mode file for STMicroelectronics.X-CUBE-NFC7.1.0.1
2023-09-15 23:23:39,510 [WARN] PackLoader:238 - Cannot read IP mode file for STMicroelectronics.X-CUBE-NFC6.3.0.0
2023-09-15 23:23:39,516 [WARN] PackLoader:238 - Cannot read IP mode file for STMicroelectronics.X-CUBE-EEPRMA1.4.1.0
2023-09-15 23:23:39,520 [WARN] PackLoader:238 - Cannot read IP mode file for STMicroelectronics.X-CUBE-AI.8.1.0
2023-09-15 23:23:39,536 [WARN] ConditionMgr:437 - getConditionDescription Invalid condition id : LAN8742 Phy interface Condition cause : null
2023-09-15 23:23:39,536 [WARN] PackLoader:238 - Cannot read IP mode file for STMicroelectronics.X-CUBE-AZRTOS-L4.2.0.0
2023-09-15 23:23:39,537 [WARN] ConditionMgr:1038 - genDependencies : Invalid condition id : LAN8742 Phy interface Condition cause : null
2023-09-15 23:23:39,538 [WARN] ConditionMgr:1038 - genDependencies : Invalid condition id : LAN8742 Phy interface Condition cause : null
2023-09-15 23:23:39,538 [WARN] ConditionMgr:1038 - genDependencies : Invalid condition id : LAN8742 Phy interface Condition cause : null
2023-09-15 23:23:39,543 [WARN] PackLoader:238 - Cannot read IP mode file for STMicroelectronics.X-CUBE-SFXS2LP1.4.0.0
2023-09-15 23:23:39,546 [WARN] PackLoader:238 - Cannot read IP mode file for STMicroelectronics.X-CUBE-ISPU.1.1.0
2023-09-15 23:23:39,558 [WARN] ConditionMgr:437 - getConditionDescription Invalid condition id : UX DEVICE CLASS RTOS Condition cause : null
2023-09-15 23:23:39,558 [WARN] ConditionMgr:437 - getConditionDescription Invalid condition id : UX DEVICE CLASS RTOS Condition cause : null
2023-09-15 23:23:39,567 [WARN] PackLoader:238 - Cannot read IP mode file for STMicroelectronics.X-CUBE-AZRTOS-WB.2.0.0
2023-09-15 23:23:39,568 [WARN] ConditionMgr:1038 - genDependencies : Invalid condition id : UX DEVICE CLASS RTOS Condition cause : null
2023-09-15 23:23:39,568 [WARN] ConditionMgr:1038 - genDependencies : Invalid condition id : UX DEVICE CLASS RTOS Condition cause : null
2023-09-15 23:23:39,569 [WARN] ConditionMgr:1038 - genDependencies : Invalid condition id : UX DEVICE CLASS RTOS Condition cause : null
2023-09-15 23:23:39,569 [WARN] ConditionMgr:1038 - genDependencies : Invalid condition id : UX DEVICE CLASS RTOS Condition cause : null
2023-09-15 23:23:39,569 [WARN] ConditionMgr:1038 - genDependencies : Invalid condition id : UX DEVICE CLASS RTOS Condition cause : null
2023-09-15 23:23:39,582 [WARN] PackLoader:238 - Cannot read IP mode file for STMicroelectronics.X-CUBE-SUBG2.5.0.0
2023-09-15 23:23:39,591 [ERROR] Engine:463 - C:\Users\Admin\.stm32cubemx\thirdparties\pdsc\STMicroelectronics.X-CUBE-TOF1.3.3.1.pdsc: PDSC version is not supported
2023-09-15 23:23:39,605 [INFO] DbBoardsPdsc:90 - Found 25 items
2023-09-15 23:23:39,609 [WARN] PackLoader:238 - Cannot read IP mode file for STMicroelectronics.X-CUBE-AZRTOS-G4.2.0.0
2023-09-15 23:23:39,612 [ERROR] Engine:463 - C:\Users\Admin\.stm32cubemx\thirdparties\pdsc\STMicroelectronics.X-CUBE-FREERTOS.1.1.0.pdsc: PDSC version is not supported
2023-09-15 23:23:39,614 [INFO] DbBoardsPdsc:90 - Found 9 items
2023-09-15 23:23:39,616 [WARN] PackLoader:238 - Cannot read IP mode file for portGmbH.I-Cube-SoM-uGOAL.1.1.0
2023-09-15 23:23:39,619 [WARN] PackLoader:238 - Cannot read IP mode file for STMicroelectronics.X-CUBE-ALS.1.0.1
2023-09-15 23:23:39,622 [WARN] PackLoader:238 - Cannot read IP mode file for STMicroelectronics.FP-ATR-ASTRA1.2.0.0
2023-09-15 23:23:39,622 [INFO] ThirdParty:915 - Integrity check success = true
2023-09-15 23:23:39,623 [INFO] IntegrityCheckThread:94 - exiting critical section [integrity check]
2023-09-15 23:23:39,623 [INFO] IntegrityCheckThread:97 - End integrity checks thread
2023-09-15 23:23:39,623 [INFO] DbBoardsPdsc:90 - Found 33 items
2023-09-15 23:23:39,631 [INFO] DbBoardsPdsc:90 - Found 1 items
2023-09-15 23:23:39,643 [INFO] DbBoardsPdsc:90 - Found 48 items
2023-09-15 23:23:39,656 [INFO] DbBoardsPdsc:90 - Found 43 items
2023-09-15 23:23:39,664 [INFO] DbBoardsPdsc:90 - Found 2 items
2023-09-15 23:23:39,671 [INFO] DbBoardsPdsc:90 - Found 5 items
2023-09-15 23:23:39,675 [WARN] DbBoardsPdsc:254 - Board STM32H7B3I-DK: unknown feature type=Audio, name=, username=Audio stereo codec with Headphone Amp (CS42L51-CNZ), n=1
2023-09-15 23:23:39,676 [WARN] DbBoardsPdsc:254 - Board STM32H735G-DK: unknown feature type=Audio, name=, username=Audio stereo codec with Headphone Amp (WM8994ECS/R), n=1
2023-09-15 23:23:39,677 [WARN] DbBoardsPdsc:254 - Board STM32H7B3I-EVAL: unknown feature type=Audio, name=, username=Multi-Channel Audio Codec (CS42L51-CNZ), n=1
2023-09-15 23:23:39,677 [WARN] DbBoardsPdsc:254 - Board STM32H7B3I-EVAL: unknown feature type=Meter, name=, username=Power-metering and Temperature-monitoring with sigma-delta modulators, n=1
2023-09-15 23:23:39,677 [WARN] DbBoardsPdsc:254 - Board STM32H7B3I-EVAL: unknown feature type=Motor, name=, username=Motor Control, n=1
2023-09-15 23:23:39,679 [WARN] DbBoardsPdsc:254 - Board STM32U575I-EV: unknown feature type=joystick, name=, username=4-direction joystick with selection button, n=1
2023-09-15 23:23:39,710 [INFO] DbBoardsJson:86 - JSON generation date=Tue Nov 16 23:17:54 ICT 2021 (1637079474)
2023-09-15 23:23:39,715 [INFO] DbBoards:117 - Found 167 boards (163 are supported by CubeMX)
2023-09-15 23:23:39,725 [INFO] DbBoardsDocs:143 - JSON generation date=Tue Nov 16 23:17:54 ICT 2021 (1637079474)
2023-09-15 23:23:39,729 [INFO] DbBoardsDocs:79 - Found 209 boards documents
2023-09-15 23:23:39,729 [WARN] DbBoards:127 - board B-L475E-IOT01A2 has no document id list !
2023-09-15 23:23:39,730 [WARN] DbBoards:127 - board NUCLEO-H743ZI has no document id list !
2023-09-15 23:23:39,731 [WARN] DbBoards:127 - board NUCLEO-WL55JC2 has no document id list !
2023-09-15 23:23:39,731 [WARN] DbBoards:127 - board P-NUCLEO-WB55-Nucleo has no document id list !
2023-09-15 23:23:39,731 [WARN] DbBoards:127 - board P-NUCLEO-WB55-USBDongle has no document id list !
2023-09-15 23:23:39,731 [WARN] DbBoards:127 - board STEVAL-BFA001V1B has no document id list !
2023-09-15 23:23:39,731 [WARN] DbBoards:127 - board STEVAL-BFA001V2B has no document id list !
2023-09-15 23:23:39,731 [WARN] DbBoards:127 - board STEVAL-IDP005V1 has no document id list !
2023-09-15 23:23:39,731 [WARN] DbBoards:127 - board STEVAL-IDP005V2 has no document id list !
2023-09-15 23:23:39,731 [WARN] DbBoards:127 - board STEVAL-MKSBOX1V1 has no document id list !
2023-09-15 23:23:39,731 [WARN] DbBoards:127 - board STEVAL-STWINKT1 has no document id list !
2023-09-15 23:23:39,731 [WARN] DbBoards:127 - board STEVAL-STWINKT1B has no document id list !
2023-09-15 23:23:39,731 [WARN] DbBoards:127 - board STM32439I-EVAL2 has no document id list !
2023-09-15 23:23:39,732 [WARN] DbBoards:127 - board STM32F401C-DISCO has no document id list !
2023-09-15 23:23:39,732 [WARN] DbBoards:127 - board STM32F769I-DISC1 has no document id list !
2023-09-15 23:23:39,732 [WARN] DbBoards:127 - board STM32G474E-EVAL1 has no document id list !
2023-09-15 23:23:39,732 [WARN] DbBoards:127 - board STM32H743I-EVAL2 has no document id list !
2023-09-15 23:23:39,733 [WARN] DbBoards:127 - board STM32H747I-DISC1 has no document id list !
2023-09-15 23:23:39,733 [WARN] DbBoards:127 - board STM32H753I-EVAL2 has no document id list !
2023-09-15 23:23:39,733 [WARN] DbBoards:127 - board STM32L-DISCOVERY has no document id list !
2023-09-15 23:23:39,849 [ERROR] DbBoards:189 - Image file not found for board B-U585I-IOT02A: C:\ST\STM32CubeIDE_1.7.0\STM32CubeIDE\plugins\com.st.stm32cube.common.mx_6.3.0.202107141111\\db\/plugins/mcufinder/images/boards/B-U585I-IOT02A_small.jpg
2023-09-15 23:23:39,936 [ERROR] DbBoards:189 - Image file not found for board NUCLEO-F413ZH: C:\ST\STM32CubeIDE_1.7.0\STM32CubeIDE\plugins\com.st.stm32cube.common.mx_6.3.0.202107141111\\db\/plugins/mcufinder/images/boards/nucleo-f413zh_small.jpg
2023-09-15 23:23:40,115 [ERROR] DbBoards:189 - Image file not found for board NUCLEO-L552ZE-Q: C:\ST\STM32CubeIDE_1.7.0\STM32CubeIDE\plugins\com.st.stm32cube.common.mx_6.3.0.202107141111\\db\/plugins/mcufinder/images/boards/nucleo_l552ze_q_small.jpg
2023-09-15 23:23:40,116 [ERROR] DbBoards:189 - Image file not found for board NUCLEO-U575ZI-Q: C:\ST\STM32CubeIDE_1.7.0\STM32CubeIDE\plugins\com.st.stm32cube.common.mx_6.3.0.202107141111\\db\/plugins/mcufinder/images/boards/nucleo-u575zi-q_small.jpg
2023-09-15 23:23:40,116 [ERROR] DbBoards:189 - Image file not found for board NUCLEO-WB15CC: C:\ST\STM32CubeIDE_1.7.0\STM32CubeIDE\plugins\com.st.stm32cube.common.mx_6.3.0.202107141111\\db\/plugins/mcufinder/images/boards/nucleo-wb15cc_small.jpg
2023-09-15 23:23:40,116 [ERROR] DbBoards:189 - Image file not found for board NUCLEO-WB55RG: C:\ST\STM32CubeIDE_1.7.0\STM32CubeIDE\plugins\com.st.stm32cube.common.mx_6.3.0.202107141111\\db\/plugins/mcufinder/images/boards/nucleo-wb55rg_small.jpg
2023-09-15 23:23:41,135 [INFO] ApiDb:251 - Load user favorites file C:\Users\Admin/.stm32cubeide/favorites.boards.txt: 0 item(s)
2023-09-15 23:23:41,135 [INFO] ApiDb:255 - User favorites Boards=[]
2023-09-15 23:23:41,135 [INFO] DbBoards:206 - Set 0 / 0 favorites Boards
2023-09-15 23:23:54,394 [INFO] DbMcusDocs:143 - JSON generation date=Tue Nov 16 23:17:54 ICT 2021 (1637079474)
2023-09-15 23:23:54,744 [INFO] DbMcusDocs:79 - Found 682 MCUs documents
2023-09-15 23:24:14,163 [INFO] MainUpdater:2671 - connection check result : 10
2023-09-15 23:24:14,164 [INFO] MainUpdater:2671 - connection check result : 10
2023-09-15 23:24:14,193 [INFO] MicroXplorer:448 - Change Database Path : 
2023-09-15 23:24:14,193 [INFO] MicroXplorer:478 - Change Database Version : DB.6.0.30
2023-09-15 23:24:14,194 [WARN] ThirdParty:813 - waiting for thirdparty lock release [close project]
2023-09-15 23:24:14,194 [INFO] ThirdParty:815 - entering critical section [close project]
2023-09-15 23:24:14,195 [INFO] ThirdParty:825 - exiting critical section [close project]
2023-09-15 23:24:14,199 [INFO] PinOutPanel:1463 - setPackage(No Configuration,No Configuration)
2023-09-15 23:24:14,199 [INFO] UtilMem:74 - Begin LoadConfig() Used Memory: 324793328 Bytes (520093696)
2023-09-15 23:24:14,200 [INFO] MicroXplorer:448 - Change Database Path : 
2023-09-15 23:24:14,200 [INFO] MicroXplorer:478 - Change Database Version : DB.6.0.30
2023-09-15 23:24:14,201 [INFO] OpenFileManager:313 - Change cursor
2023-09-15 23:24:14,799 [INFO] Context:592 - Trying to add GPIOservice into a context  which must be forbidden
2023-09-15 23:24:14,975 [INFO] ImportTextPane:167 - (OptionalMessage_ERROR) Unable to find key (Mcu.ThirdPartyNb) in loaded IOC file
2023-09-15 23:24:14,975 [INFO] ImportTextPane:167 - (OptionalMessage_ERROR) Unable to find key (Mcu.PinsNb) in loaded IOC file
2023-09-15 23:24:14,975 [INFO] ImportTextPane:167 - (OptionalMessage_ERROR) Unable to find key (Mcu.IPNb) in loaded IOC file
2023-09-15 23:24:15,011 [WARN] ApiManager:304 - Cannot register API 'Board Extension:GNSS1A1' from pack STMicroelectronics.X-CUBE-GNSS1.6.0.0: no header file found
2023-09-15 23:24:15,011 [WARN] ApiManager:304 - Cannot register API 'Board Support:Custom' from pack STMicroelectronics.X-CUBE-GNSS1.6.0.0: no header file found
2023-09-15 23:24:15,011 [WARN] ApiManager:304 - Cannot register API 'Data Exchange:lib_gnss' from pack STMicroelectronics.X-CUBE-GNSS1.6.0.0: no header file found
2023-09-15 23:24:15,015 [WARN] ApiManager:304 - Cannot register API 'Wireless:BlueNRG-MS' from pack STMicroelectronics.X-CUBE-BLE1.7.0.0: no header file found
2023-09-15 23:24:15,024 [WARN] ModelIntegratedComponent:60 - No mode defined for component null
2023-09-15 23:24:15,024 [WARN] ModelIntegratedComponent:60 - No mode defined for component null
2023-09-15 23:24:15,024 [WARN] ModelIntegratedComponent:60 - No mode defined for component null
2023-09-15 23:24:15,024 [WARN] ModelIntegratedComponent:60 - No mode defined for component null
2023-09-15 23:24:15,024 [WARN] ModelIntegratedComponent:60 - No mode defined for component null
2023-09-15 23:24:15,024 [WARN] ModelIntegratedComponent:60 - No mode defined for component null
2023-09-15 23:24:15,024 [WARN] ModelIntegratedComponent:60 - No mode defined for component null
2023-09-15 23:24:15,024 [WARN] ModelIntegratedComponent:60 - No mode defined for component null
2023-09-15 23:24:15,025 [WARN] ModelIntegratedComponent:60 - No mode defined for component null
2023-09-15 23:24:15,025 [WARN] ModelIntegratedComponent:60 - No mode defined for component null
2023-09-15 23:24:15,025 [WARN] ModelIntegratedComponent:60 - No mode defined for component null
2023-09-15 23:24:15,025 [WARN] ModelIntegratedComponent:60 - No mode defined for component null
2023-09-15 23:24:15,025 [WARN] ModelIntegratedComponent:60 - No mode defined for component null
2023-09-15 23:24:15,025 [WARN] ModelIntegratedComponent:60 - No mode defined for component null
2023-09-15 23:24:15,025 [WARN] ModelIntegratedComponent:60 - No mode defined for component null
2023-09-15 23:24:15,025 [WARN] ModelIntegratedComponent:60 - No mode defined for component null
2023-09-15 23:24:15,025 [WARN] ModelIntegratedComponent:60 - No mode defined for component null
2023-09-15 23:24:15,025 [WARN] ModelIntegratedComponent:60 - No mode defined for component null
2023-09-15 23:24:15,026 [WARN] ModelIntegratedComponent:60 - No mode defined for component null
2023-09-15 23:24:15,026 [WARN] ModelIntegratedComponent:60 - No mode defined for component null
2023-09-15 23:24:15,026 [WARN] ModelIntegratedComponent:60 - No mode defined for component null
2023-09-15 23:24:15,026 [WARN] ModelIntegratedComponent:60 - No mode defined for component null
2023-09-15 23:24:15,026 [WARN] ModelIntegratedComponent:60 - No mode defined for component null
2023-09-15 23:24:15,026 [WARN] ModelIntegratedComponent:60 - No mode defined for component null
2023-09-15 23:24:15,026 [WARN] ModelIntegratedComponent:60 - No mode defined for component null
2023-09-15 23:24:15,026 [WARN] ModelIntegratedComponent:60 - No mode defined for component null
2023-09-15 23:24:15,026 [WARN] ModelIntegratedComponent:60 - No mode defined for component null
2023-09-15 23:24:15,027 [WARN] ModelIntegratedComponent:60 - No mode defined for component null
2023-09-15 23:24:15,027 [WARN] ModelIntegratedComponent:60 - No mode defined for component null
2023-09-15 23:24:15,027 [WARN] ModelIntegratedComponent:60 - No mode defined for component null
2023-09-15 23:24:15,027 [WARN] ModelIntegratedComponent:60 - No mode defined for component null
2023-09-15 23:24:15,032 [WARN] ApiManager:304 - Cannot register API 'Board Extension:NFC07A1' from pack STMicroelectronics.X-CUBE-NFC7.1.0.1: no header file found
2023-09-15 23:24:15,039 [WARN] ApiManager:304 - Cannot register API 'Board Extension:NFC06A1' from pack STMicroelectronics.X-CUBE-NFC6.3.0.0: no header file found
2023-09-15 23:24:15,040 [WARN] ApiManager:304 - Cannot register API 'Board Extension:NFC08A1' from pack STMicroelectronics.X-CUBE-NFC6.3.0.0: no header file found
2023-09-15 23:24:15,041 [WARN] ApiManager:304 - Cannot register API 'Board Extension:EEPRMA1' from pack STMicroelectronics.X-CUBE-EEPRMA1.4.1.0: no header file found
2023-09-15 23:24:15,041 [WARN] ApiManager:304 - Cannot register API 'Board Extension:EEPRMA2' from pack STMicroelectronics.X-CUBE-EEPRMA1.4.1.0: no header file found
2023-09-15 23:24:15,042 [WARN] ApiManager:304 - Cannot register API 'Board Extension:PGEEZ1' from pack STMicroelectronics.X-CUBE-EEPRMA1.4.1.0: no header file found
2023-09-15 23:24:15,042 [WARN] ApiManager:304 - Cannot register API 'Board Part:M24' from pack STMicroelectronics.X-CUBE-EEPRMA1.4.1.0: no header file found
2023-09-15 23:24:15,042 [WARN] ApiManager:304 - Cannot register API 'Board Part:M95' from pack STMicroelectronics.X-CUBE-EEPRMA1.4.1.0: no header file found
2023-09-15 23:24:15,042 [WARN] ApiManager:304 - Cannot register API 'Board Part:M95P32' from pack STMicroelectronics.X-CUBE-EEPRMA1.4.1.0: no header file found
2023-09-15 23:24:15,042 [WARN] ApiManager:304 - Cannot register API 'PGEEZ1:SPI' from pack STMicroelectronics.X-CUBE-EEPRMA1.4.1.0: no header file found
2023-09-15 23:24:15,042 [WARN] ApiManager:304 - Cannot register API 'PGEEZ1:QDSPI' from pack STMicroelectronics.X-CUBE-EEPRMA1.4.1.0: no header file found
2023-09-15 23:24:15,299 [WARN] ApiManager:304 - Cannot register API 'Board Extension:IKS01A3' from pack STMicroelectronics.X-CUBE-MEMS1.9.6.0: no header file found
2023-09-15 23:24:15,305 [WARN] ApiManager:304 - Cannot register API 'Board Extension:IKS01A2' from pack STMicroelectronics.X-CUBE-MEMS1.9.6.0: no header file found
2023-09-15 23:24:15,305 [WARN] ApiManager:304 - Cannot register API 'Board Extension:IKS02A1' from pack STMicroelectronics.X-CUBE-MEMS1.9.6.0: no header file found
2023-09-15 23:24:15,317 [INFO] RtosManager:484 - Registered RTOS mode: class=CMSIS, group=RTOS, mode=CMSIS_V1, owner=FREERTOS
2023-09-15 23:24:15,317 [INFO] RtosManager:484 - Registered RTOS mode: class=CMSIS, group=RTOS2, mode=CMSIS_V2, owner=FREERTOS
2023-09-15 23:24:15,318 [INFO] RtosManager:484 - Registered RTOS mode: class=RTOS, group=Core, mode=CMSIS_V1, owner=FREERTOS
2023-09-15 23:24:15,318 [INFO] RtosManager:484 - Registered RTOS mode: class=RTOS, group=Core, mode=CMSIS_V2, owner=FREERTOS
2023-09-15 23:24:15,318 [WARN] ModelIntegratedComponent:181 - Missing modes for component STMicroelectronics:FreeRTOS:0.0.1:STMicroelectronics:RTOS:FreeRTOS:Core:::10.2.0:
2023-09-15 23:24:15,320 [WARN] ApiManager:304 - Cannot register API 'Board Extension:NFC04A1' from pack STMicroelectronics.X-CUBE-NFC4.3.0.0: no header file found
2023-09-15 23:24:15,327 [WARN] ApiManager:304 - Cannot register API 'Board Extension:S2868A1' from pack STMicroelectronics.X-CUBE-SUBG2.5.0.0: no header file found
2023-09-15 23:24:15,327 [WARN] ApiManager:304 - Cannot register API 'Board Extension:S2868A2' from pack STMicroelectronics.X-CUBE-SUBG2.5.0.0: no header file found
2023-09-15 23:24:15,327 [WARN] ApiManager:304 - Cannot register API 'Board Extension:S2915A1' from pack STMicroelectronics.X-CUBE-SUBG2.5.0.0: no header file found
2023-09-15 23:24:15,330 [WARN] ApiManager:304 - Cannot register API 'Board Extension:S2868A1' from pack STMicroelectronics.X-CUBE-SFXS2LP1.4.0.0: no header file found
2023-09-15 23:24:15,330 [WARN] ApiManager:304 - Cannot register API 'Board Extension:S2868A2' from pack STMicroelectronics.X-CUBE-SFXS2LP1.4.0.0: no header file found
2023-09-15 23:24:15,330 [WARN] ApiManager:304 - Cannot register API 'Board Extension:S2915A1' from pack STMicroelectronics.X-CUBE-SFXS2LP1.4.0.0: no header file found
2023-09-15 23:24:15,330 [WARN] ApiManager:304 - Cannot register API 'Wireless:BlueNRG-2' from pack STMicroelectronics.X-CUBE-BLE2.3.3.0: no header file found
2023-09-15 23:24:17,192 [INFO] UtilMem:74 - End LoadConfig() Used Memory: 344508232 Bytes (520093696)
2023-09-15 23:24:17,193 [WARN] ThirdParty:779 - waiting for thirdparty lock release [change project]
2023-09-15 23:24:17,194 [INFO] ThirdParty:781 - entering critical section [change project]
2023-09-15 23:24:17,194 [INFO] ThirdParty:967 - CMSIS Pack Vendor :STMicroelectronics X-CUBE-ISPU 1.1.0
2023-09-15 23:24:17,194 [INFO] ThirdParty:967 - CMSIS Pack Vendor :STMicroelectronics X-CUBE-GNSS1 6.0.0
2023-09-15 23:24:17,194 [INFO] ThirdParty:967 - CMSIS Pack Vendor :STMicroelectronics USB_HOST 2.0.0
2023-09-15 23:24:17,194 [INFO] ThirdParty:967 - CMSIS Pack Vendor :STMicroelectronics X-CUBE-AZRTOS-F4 1.1.0
2023-09-15 23:24:17,194 [INFO] ThirdParty:967 - CMSIS Pack Vendor :STMicroelectronics X-CUBE-BLE1 7.0.0
2023-09-15 23:24:17,194 [INFO] ThirdParty:967 - CMSIS Pack Vendor :STMicroelectronics FP-ATR-SIGFOX1 3.2.0
2023-09-15 23:24:17,194 [INFO] ThirdParty:967 - CMSIS Pack Vendor :wolfSSL I-CUBE-wolfSSL 5.6.3
2023-09-15 23:24:17,194 [INFO] ThirdParty:967 - CMSIS Pack Vendor :STMicroelectronics USB_DEVICE 3.0.0
2023-09-15 23:24:17,194 [INFO] ThirdParty:967 - CMSIS Pack Vendor :STMicroelectronics HAL Drivers 0.0.0
2023-09-15 23:24:17,194 [INFO] ThirdParty:967 - CMSIS Pack Vendor :STMicroelectronics MBEDTLS 2.16.2
2023-09-15 23:24:17,194 [INFO] ThirdParty:967 - CMSIS Pack Vendor :STMicroelectronics X-CUBE-AZRTOS-WB 2.0.0
2023-09-15 23:24:17,194 [INFO] ThirdParty:967 - CMSIS Pack Vendor :STMicroelectronics X-CUBE-TOUCHGFX 4.22.0
2023-09-15 23:24:17,194 [INFO] ThirdParty:967 - CMSIS Pack Vendor :STMicroelectronics X-CUBE-NFC7 1.0.1
2023-09-15 23:24:17,194 [INFO] ThirdParty:967 - CMSIS Pack Vendor :STMicroelectronics MBEDTLS 2.14.1
2023-09-15 23:24:17,194 [INFO] ThirdParty:967 - CMSIS Pack Vendor :STMicroelectronics X-CUBE-AZRTOS-F7 1.1.0
2023-09-15 23:24:17,194 [INFO] ThirdParty:967 - CMSIS Pack Vendor :STMicroelectronics X-CUBE-AZRTOS-L5 2.0.0
2023-09-15 23:24:17,195 [INFO] ThirdParty:967 - CMSIS Pack Vendor :STMicroelectronics X-CUBE-NFC6 3.0.0
2023-09-15 23:24:17,195 [INFO] ThirdParty:967 - CMSIS Pack Vendor :STMicroelectronics X-CUBE-EEPRMA1 4.1.0
2023-09-15 23:24:17,195 [INFO] ThirdParty:967 - CMSIS Pack Vendor :portGmbH I-Cube-SoM-uGOAL 1.1.0
2023-09-15 23:24:17,195 [INFO] ThirdParty:967 - CMSIS Pack Vendor :STMicroelectronics X-CUBE-ALS 1.0.1
2023-09-15 23:24:17,195 [INFO] ThirdParty:967 - CMSIS Pack Vendor :STMicroelectronics USB_DEVICE 2.0.0
2023-09-15 23:24:17,195 [INFO] ThirdParty:967 - CMSIS Pack Vendor :STMicroelectronics X-CUBE-MEMS1 9.6.0
2023-09-15 23:24:17,195 [INFO] ThirdParty:967 - CMSIS Pack Vendor :STMicroelectronics X-CUBE-AZRTOS-WL 2.0.0
2023-09-15 23:24:17,195 [INFO] ThirdParty:967 - CMSIS Pack Vendor :STMicroelectronics X-CUBE-ALGOBUILD 1.3.0
2023-09-15 23:24:17,195 [INFO] ThirdParty:967 - CMSIS Pack Vendor :SEGGER I-CUBE-embOS 1.3.1
2023-09-15 23:24:17,195 [INFO] ThirdParty:967 - CMSIS Pack Vendor :STMicroelectronics FreeRTOS 0.0.1
2023-09-15 23:24:17,195 [INFO] ThirdParty:967 - CMSIS Pack Vendor :STMicroelectronics X-CUBE-AZRTOS-G0 1.1.0
2023-09-15 23:24:17,195 [INFO] ThirdParty:967 - CMSIS Pack Vendor :STMicroelectronics USB_DEVICE 1.0.0
2023-09-15 23:24:17,195 [INFO] ThirdParty:967 - CMSIS Pack Vendor :STMicroelectronics X-CUBE-BLEMGR 2.0.0
2023-09-15 23:24:17,195 [INFO] ThirdParty:967 - CMSIS Pack Vendor :STMicroelectronics X-CUBE-AI 8.1.0
2023-09-15 23:24:17,195 [INFO] ThirdParty:967 - CMSIS Pack Vendor :STMicroelectronics X-CUBE-NFC4 3.0.0
2023-09-15 23:24:17,195 [INFO] ThirdParty:967 - CMSIS Pack Vendor :STMicroelectronics X-CUBE-SUBG2 5.0.0
2023-09-15 23:24:17,195 [INFO] ThirdParty:967 - CMSIS Pack Vendor :STMicroelectronics X-CUBE-AZRTOS-L4 2.0.0
2023-09-15 23:24:17,195 [INFO] ThirdParty:967 - CMSIS Pack Vendor :STMicroelectronics ThreadX 0.0.2
2023-09-15 23:24:17,195 [INFO] ThirdParty:967 - CMSIS Pack Vendor :WES I-CUBE-Cesium 1.3.0
2023-09-15 23:24:17,195 [INFO] ThirdParty:967 - CMSIS Pack Vendor :STMicroelectronics FP-ATR-ASTRA1 2.0.0
2023-09-15 23:24:17,196 [INFO] ThirdParty:967 - CMSIS Pack Vendor :STMicroelectronics lwIP 2.0.3
2023-09-15 23:24:17,196 [INFO] ThirdParty:967 - CMSIS Pack Vendor :STMicroelectronics lwIP 2.1.2
2023-09-15 23:24:17,196 [INFO] ThirdParty:967 - CMSIS Pack Vendor :STMicroelectronics X-CUBE-SFXS2LP1 4.0.0
2023-09-15 23:24:17,196 [INFO] ThirdParty:967 - CMSIS Pack Vendor :STMicroelectronics X-CUBE-BLE2 3.3.0
2023-09-15 23:24:17,196 [INFO] ThirdParty:967 - CMSIS Pack Vendor :STMicroelectronics USB_HOST 1.0.0
2023-09-15 23:24:17,196 [INFO] ThirdParty:967 - CMSIS Pack Vendor :STMicroelectronics X-CUBE-AZRTOS-G4 2.0.0
2023-09-15 23:24:17,196 [INFO] ThirdParty:967 - CMSIS Pack Vendor :STMicroelectronics PDM2PCM 3.1.0
2023-09-15 23:24:17,196 [INFO] ThirdParty:967 - CMSIS Pack Vendor :STMicroelectronics X-CUBE-AZRTOS-H7 3.1.0
2023-09-15 23:24:17,196 [INFO] ThirdParty:967 - CMSIS Pack Vendor :STMicroelectronics PDM2PCM 3.2.0
2023-09-15 23:24:17,196 [INFO] ThirdParty:967 - CMSIS Pack Vendor :STMicroelectronics PDM2PCM 3.3.0
2023-09-15 23:24:17,196 [INFO] ThirdParty:787 - exiting critical section [change project]
2023-09-15 23:24:17,385 [INFO] PinOutPanel:1463 - setPackage(No Configuration,No Configuration)
2023-09-15 23:24:17,386 [INFO] PinOutPanel:1463 - setPackage(STM32F103C6Ux,UFQFPN48)
2023-09-15 23:24:17,765 [INFO] UtilMem:74 - Before build in PCC Used Memory: 344304696 Bytes (520093696)
2023-09-15 23:24:18,196 [INFO] UtilMem:74 - After build in PCC Used Memory: 422947896 Bytes (520093696)
2023-09-15 23:24:18,212 [INFO] IPUIPlugin:74 - create IPUIPlugin
2023-09-15 23:24:18,212 [INFO] IPUIPlugin:74 - create IPUIPlugin
2023-09-15 23:24:18,212 [INFO] IPUIPlugin:74 - create IPUIPlugin
2023-09-15 23:24:18,213 [INFO] IPUIPlugin:74 - create IPUIPlugin
2023-09-15 23:24:18,213 [INFO] IPUIPlugin:74 - create IPUIPlugin
2023-09-15 23:24:18,213 [INFO] IPUIPlugin:74 - create IPUIPlugin
2023-09-15 23:24:18,213 [INFO] IPUIPlugin:74 - create IPUIPlugin
2023-09-15 23:24:18,213 [INFO] IPUIPlugin:74 - create IPUIPlugin
2023-09-15 23:24:18,213 [INFO] IPUIPlugin:74 - create IPUIPlugin
2023-09-15 23:24:18,213 [INFO] IPUIPlugin:74 - create IPUIPlugin
2023-09-15 23:24:18,214 [INFO] IPUIPlugin:74 - create IPUIPlugin
2023-09-15 23:24:18,214 [INFO] IPUIPlugin:74 - create IPUIPlugin
2023-09-15 23:24:18,214 [INFO] IPUIPlugin:74 - create IPUIPlugin
2023-09-15 23:24:18,214 [INFO] IPUIPlugin:74 - create IPUIPlugin
2023-09-15 23:24:18,215 [INFO] IPUIPlugin:74 - create IPUIPlugin
2023-09-15 23:24:18,215 [INFO] IPUIPlugin:74 - create IPUIPlugin
2023-09-15 23:24:18,215 [INFO] IPUIPlugin:74 - create IPUIPlugin
2023-09-15 23:24:18,215 [INFO] IPUIPlugin:74 - create IPUIPlugin
2023-09-15 23:24:18,216 [INFO] IPUIPlugin:74 - create IPUIPlugin
2023-09-15 23:24:18,216 [INFO] IPUIPlugin:74 - create IPUIPlugin
2023-09-15 23:24:18,216 [INFO] IPUIPlugin:74 - create IPUIPlugin
2023-09-15 23:24:18,217 [INFO] IPUIPlugin:74 - create IPUIPlugin
2023-09-15 23:24:18,217 [INFO] IPUIPlugin:74 - create IPUIPlugin
2023-09-15 23:24:18,321 [INFO] OpenFileManager:333 - Restore cursor
2023-09-15 23:24:18,489 [INFO] UtilMem:74 - End SaveConfig() Used Memory: 391358392 Bytes (520093696)
2023-09-15 23:24:18,526 [INFO] UtilMem:74 - End SaveConfig() Used Memory: 406508512 Bytes (520093696)
2023-09-15 23:24:18,801 [INFO] BlockDiagram:2740 - set Specific Code input for plugin: NVIC
2023-09-15 23:24:18,802 [INFO] BlockDiagram:2740 - set Specific Code input for plugin: SYS
2023-09-15 23:24:18,802 [INFO] BlockDiagram:2740 - set Specific Code input for plugin: RCC
2023-09-15 23:24:18,802 [INFO] CodeGenerator:663 - code generatio: config db path: C:\ST\STM32CubeIDE_1.7.0\STM32CubeIDE\plugins\com.st.stm32cube.common.mx_6.3.0.202107141111\\db\
2023-09-15 23:24:19,059 [INFO] CodeEngine:239 - oldGeneratedFile, D:\LAB1\Source\MXTmpFiles\license.tmp_save
2023-09-15 23:24:19,331 [INFO] CodeEngine:257 - Generated code: D:\LAB1\Source\MXTmpFiles\license.tmp
2023-09-15 23:24:19,402 [INFO] CodeEngine:239 - oldGeneratedFile, D:\LAB1\Source\Core\Src\stm32f1xx_it.c_save
2023-09-15 23:24:19,515 [INFO] CodeEngine:257 - Generated code: D:\LAB1\Source\Core\Src\stm32f1xx_it.c
2023-09-15 23:24:19,517 [INFO] CodeEngine:239 - oldGeneratedFile, D:\LAB1\Source\Core\Inc\stm32f1xx_it.h_save
2023-09-15 23:24:19,587 [INFO] CodeEngine:257 - Generated code: D:\LAB1\Source\Core\Inc\stm32f1xx_it.h
2023-09-15 23:24:19,594 [INFO] CodeEngine:239 - oldGeneratedFile, D:\LAB1\Source\Core\Src\stm32f1xx_hal_msp.c_save
2023-09-15 23:24:19,717 [INFO] CodeEngine:257 - Generated code: D:\LAB1\Source\Core\Src\stm32f1xx_hal_msp.c
2023-09-15 23:24:19,720 [INFO] CodeEngine:239 - oldGeneratedFile, D:\LAB1\Source\MXTmpFiles\system.tmp_save
2023-09-15 23:24:19,807 [INFO] CodeEngine:257 - Generated code: D:\LAB1\Source\MXTmpFiles\system.tmp
2023-09-15 23:24:19,812 [INFO] CodeEngine:239 - oldGeneratedFile, D:\LAB1\Source\Core\Inc\stm32f1xx_hal_conf.h_save
2023-09-15 23:24:19,899 [INFO] CodeEngine:257 - Generated code: D:\LAB1\Source\Core\Inc\stm32f1xx_hal_conf.h
2023-09-15 23:24:19,937 [INFO] CodeEngine:239 - oldGeneratedFile, D:\LAB1\Source\Core\Inc\main.h_save
2023-09-15 23:24:20,018 [INFO] CodeEngine:257 - Generated code: D:\LAB1\Source\Core\Inc\main.h
2023-09-15 23:24:20,021 [INFO] CodeEngine:239 - oldGeneratedFile, D:\LAB1\Source\Core\Src\main.c_save
2023-09-15 23:24:20,178 [INFO] CodeEngine:257 - Generated code: D:\LAB1\Source\Core\Src\main.c
2023-09-15 23:24:21,160 [INFO] ProjectBuilder:2578 - Time for Copy HAL[1] : 62mS.
2023-09-15 23:24:21,165 [INFO] ProjectBuilder:3622 - Project Generator version: 3.14.1
2023-09-15 23:24:21,758 [INFO] ConfigFileManager:1271 - The Die is : DIE412
2023-09-15 23:24:21,772 [INFO] ApiDbMcu:468 - Load IP Config File for FATFS
2023-09-15 23:24:21,798 [INFO] ApiDbMcu:468 - Load IP Config File for FREERTOS
2023-09-15 23:24:21,822 [INFO] ApiDbMcu:468 - Load IP Config File for USB_DEVICE
2023-09-15 23:24:25,474 [INFO] ProjectBuilder:3789 - Time for Generating toolchain IDE Files: 4309mS.
2023-09-15 23:24:25,475 [INFO] ProjectBuilder:2457 - Time for Copy CMSIS : 0mS.
2023-09-15 23:24:25,476 [INFO] ProjectBuilder:2457 - Time for Copy CMSIS : 0mS.
2023-09-15 23:24:26,398 [INFO] McuFinderGlobals:52 - Set McuFinderConnectedMode to true
2023-09-15 23:24:26,399 [INFO] ApiDb:276 - Save user favorites file C:\Users\Admin/.stm32cubeide/favorites.mcus.txt: 0 item(s)
2023-09-15 23:24:26,399 [INFO] ApiDb:280 - User favorites MCUs=[]
